2025-10-22 16:11:15 - Reservation #329584
Name: Mustaquim Shaikh
Email: shaikhmustaqim71@gmail.com
Phone: (932) 596-0705
Date: 2025-10-22 at 21:00
Guests: 2
Database Saved: No
---

2025-10-22 16:14:43 - Reservation #373933
Name: Mustaquim Shaikh
Email: shaikhmustaqim71@gmail.com
Phone: (932) 596-0705
Date: 2025-10-22 at 21:00
Guests: 3
Database Saved: No
---

2025-10-22 16:26:59 - Reservation #2
Name: Mustaquim Shaikh
Email: shaikhmustaqim71@gmail.com
Phone: (932) 596-0705
Date: 2025-10-22 at 21:00
Guests: 2
Database Saved: Yes
---

